2025-03-20 01:43:46,856 - root - INFO - Initializing SentenceTransformer model...
2025-03-20 01:43:46,864 - sentence_transformers.SentenceTransformer - INFO - Use pytorch device_name: cpu
2025-03-20 01:43:46,864 - sentence_transformers.SentenceTransformer - INFO - Load pretrained SentenceTransformer: all-MiniLM-L6-v2
2025-03-20 01:43:51,268 - root - INFO - SentenceTransformer model initialized successfully!
2025-03-20 01:43:51,268 - root - INFO - Starting script...
2025-03-20 01:43:51,268 - root - INFO - Submitted Title: A tribute to Mathurthi
2025-03-20 01:43:51,268 - root - INFO - Fetching top results for query: 'A tribute to Mathurthi'...
2025-03-20 01:43:51,268 - scholarly - INFO - Getting https://scholar.google.com/scholar?hl=en&q=A%20tribute%20to%20Mathurthi&as_vis=0&as_sdt=0,33
2025-03-20 01:43:53,518 - httpx - INFO - HTTP Request: GET https://scholar.google.com/scholar?hl=en&q=A%20tribute%20to%20Mathurthi&as_vis=0&as_sdt=0,33 "HTTP/1.1 200 OK"
2025-03-20 01:43:53,629 - root - INFO - No more results found.
2025-03-20 01:43:53,629 - root - INFO - Fetched 0 results.
2025-03-20 01:43:53,629 - root - INFO - Analyzing uniqueness of the title...
2025-03-20 01:43:53,629 - root - INFO - No search results found.
2025-03-20 02:11:31,854 - root - INFO - Initializing SentenceTransformer model...
2025-03-20 02:11:31,862 - sentence_transformers.SentenceTransformer - INFO - Use pytorch device_name: cpu
2025-03-20 02:11:31,862 - sentence_transformers.SentenceTransformer - INFO - Load pretrained SentenceTransformer: all-MiniLM-L6-v2
2025-03-20 02:11:37,223 - root - INFO - SentenceTransformer model initialized successfully!
2025-03-20 02:11:37,223 - root - INFO - Starting script...
2025-03-20 02:11:37,223 - root - INFO - Submitted Title: A tribute to Dhoni
2025-03-20 02:11:37,223 - root - INFO - Fetching top results for query: 'A tribute to Dhoni'...
2025-03-20 02:11:37,223 - scholarly - INFO - Getting https://scholar.google.com/scholar?hl=en&q=A%20tribute%20to%20Dhoni&as_vis=0&as_sdt=0,33
2025-03-20 02:11:40,249 - httpx - INFO - HTTP Request: GET https://scholar.google.com/scholar?hl=en&q=A%20tribute%20to%20Dhoni&as_vis=0&as_sdt=0,33 "HTTP/1.1 200 OK"
2025-03-20 02:11:40,587 - root - INFO - Fetched 5 results.
2025-03-20 02:11:40,587 - root - INFO - Analyzing uniqueness of the title...
2025-03-20 02:12:27,468 - root - INFO - Initializing SentenceTransformer model...
2025-03-20 02:12:27,468 - sentence_transformers.SentenceTransformer - INFO - Use pytorch device_name: cpu
2025-03-20 02:12:27,468 - sentence_transformers.SentenceTransformer - INFO - Load pretrained SentenceTransformer: all-MiniLM-L6-v2
2025-03-20 02:12:34,056 - root - INFO - SentenceTransformer model initialized successfully!
2025-03-20 02:12:34,056 - root - INFO - Starting script...
2025-03-20 02:12:34,057 - root - INFO - Submitted Title: Exploring A tribute to in Dhoni
2025-03-20 02:12:34,057 - root - INFO - Fetching top results for query: 'Exploring A tribute to in Dhoni'...
2025-03-20 02:12:34,057 - scholarly - INFO - Getting https://scholar.google.com/scholar?hl=en&q=Exploring%20A%20tribute%20to%20in%20Dhoni&as_vis=0&as_sdt=0,33
2025-03-20 02:12:37,532 - httpx - INFO - HTTP Request: GET https://scholar.google.com/scholar?hl=en&q=Exploring%20A%20tribute%20to%20in%20Dhoni&as_vis=0&as_sdt=0,33 "HTTP/1.1 200 OK"
2025-03-20 02:12:37,846 - root - INFO - Fetched 5 results.
2025-03-20 02:12:37,846 - root - INFO - Analyzing uniqueness of the title...
2025-03-20 02:13:57,716 - root - INFO - Initializing SentenceTransformer model...
2025-03-20 02:13:57,716 - sentence_transformers.SentenceTransformer - INFO - Use pytorch device_name: cpu
2025-03-20 02:13:57,716 - sentence_transformers.SentenceTransformer - INFO - Load pretrained SentenceTransformer: all-MiniLM-L6-v2
2025-03-20 02:14:06,115 - root - INFO - SentenceTransformer model initialized successfully!
2025-03-20 02:14:06,115 - root - INFO - Starting script...
2025-03-20 02:14:06,115 - root - INFO - Submitted Title: A tribute to Mathurthi
2025-03-20 02:14:06,115 - root - INFO - Fetching top results for query: 'A tribute to Mathurthi'...
2025-03-20 02:14:06,115 - scholarly - INFO - Getting https://scholar.google.com/scholar?hl=en&q=A%20tribute%20to%20Mathurthi&as_vis=0&as_sdt=0,33
2025-03-20 02:14:09,483 - httpx - INFO - HTTP Request: GET https://scholar.google.com/scholar?hl=en&q=A%20tribute%20to%20Mathurthi&as_vis=0&as_sdt=0,33 "HTTP/1.1 200 OK"
2025-03-20 02:14:09,611 - root - INFO - No more results found.
2025-03-20 02:14:09,611 - root - INFO - Fetched 0 results.
2025-03-20 02:14:09,611 - root - INFO - Analyzing uniqueness of the title...
2025-03-20 02:14:09,611 - root - INFO - No search results found.
2025-03-20 02:16:12,747 - root - INFO - Initializing SentenceTransformer model...
2025-03-20 02:16:12,755 - sentence_transformers.SentenceTransformer - INFO - Use pytorch device_name: cpu
2025-03-20 02:16:12,755 - sentence_transformers.SentenceTransformer - INFO - Load pretrained SentenceTransformer: all-MiniLM-L6-v2
2025-03-20 02:16:17,798 - root - INFO - SentenceTransformer model initialized successfully!
2025-03-20 02:16:17,798 - root - INFO - Starting script...
2025-03-20 02:16:17,798 - root - INFO - Submitted Title: MS Dhoni : The Untold Story
2025-03-20 02:16:17,798 - root - INFO - Fetching top results for query: 'MS Dhoni : The Untold Story'...
2025-03-20 02:16:17,798 - scholarly - INFO - Getting https://scholar.google.com/scholar?hl=en&q=MS%20Dhoni%20%3A%20The%20Untold%20Story&as_vis=0&as_sdt=0,33
2025-03-20 02:16:21,378 - httpx - INFO - HTTP Request: GET https://scholar.google.com/scholar?hl=en&q=MS%20Dhoni%20%3A%20The%20Untold%20Story&as_vis=0&as_sdt=0,33 "HTTP/1.1 200 OK"
2025-03-20 02:16:21,562 - root - INFO - Fetched 5 results.
2025-03-20 02:16:21,562 - root - INFO - Analyzing uniqueness of the title...
2025-03-20 02:17:12,105 - root - INFO - Initializing SentenceTransformer model...
2025-03-20 02:17:12,113 - sentence_transformers.SentenceTransformer - INFO - Use pytorch device_name: cpu
2025-03-20 02:17:12,113 - sentence_transformers.SentenceTransformer - INFO - Load pretrained SentenceTransformer: all-MiniLM-L6-v2
2025-03-20 02:17:17,697 - root - INFO - SentenceTransformer model initialized successfully!
2025-03-20 02:17:17,704 - root - INFO - Starting script...
2025-03-20 02:17:17,705 - root - INFO - Submitted Title: SMS Spam Detection
2025-03-20 02:17:17,705 - root - INFO - Fetching top results for query: 'SMS Spam Detection'...
2025-03-20 02:17:17,706 - scholarly - INFO - Getting https://scholar.google.com/scholar?hl=en&q=SMS%20Spam%20Detection&as_vis=0&as_sdt=0,33
2025-03-20 02:17:20,974 - httpx - INFO - HTTP Request: GET https://scholar.google.com/scholar?hl=en&q=SMS%20Spam%20Detection&as_vis=0&as_sdt=0,33 "HTTP/1.1 200 OK"
2025-03-20 02:17:21,239 - root - INFO - Fetched 5 results.
2025-03-20 02:17:21,239 - root - INFO - Analyzing uniqueness of the title...
2025-03-20 02:18:38,679 - root - INFO - Initializing SentenceTransformer model...
2025-03-20 02:18:38,687 - sentence_transformers.SentenceTransformer - INFO - Use pytorch device_name: cpu
2025-03-20 02:18:38,687 - sentence_transformers.SentenceTransformer - INFO - Load pretrained SentenceTransformer: all-MiniLM-L6-v2
2025-03-20 02:18:53,240 - root - INFO - SentenceTransformer model initialized successfully!
2025-03-20 02:18:53,240 - root - INFO - Starting script...
2025-03-20 02:18:53,240 - root - INFO - Submitted Title: The Tribute to Narendra
2025-03-20 02:18:53,240 - root - INFO - Fetching top results for query: 'The Tribute to Narendra'...
2025-03-20 02:18:53,240 - scholarly - INFO - Getting https://scholar.google.com/scholar?hl=en&q=The%20Tribute%20to%20Narendra&as_vis=0&as_sdt=0,33
2025-03-20 02:18:56,621 - httpx - INFO - HTTP Request: GET https://scholar.google.com/scholar?hl=en&q=The%20Tribute%20to%20Narendra&as_vis=0&as_sdt=0,33 "HTTP/1.1 200 OK"
2025-03-20 02:18:56,735 - root - INFO - Fetched 5 results.
2025-03-20 02:18:56,735 - root - INFO - Analyzing uniqueness of the title...
2025-03-20 02:19:43,604 - root - INFO - Initializing SentenceTransformer model...
2025-03-20 02:19:43,612 - sentence_transformers.SentenceTransformer - INFO - Use pytorch device_name: cpu
2025-03-20 02:19:43,612 - sentence_transformers.SentenceTransformer - INFO - Load pretrained SentenceTransformer: all-MiniLM-L6-v2
2025-03-20 02:19:48,092 - root - INFO - SentenceTransformer model initialized successfully!
2025-03-20 02:19:48,092 - root - INFO - Starting script...
2025-03-20 02:19:48,092 - root - INFO - Submitted Title: The Tribute to Mathurthi
2025-03-20 02:19:48,092 - root - INFO - Fetching top results for query: 'The Tribute to Mathurthi'...
2025-03-20 02:19:48,092 - scholarly - INFO - Getting https://scholar.google.com/scholar?hl=en&q=The%20Tribute%20to%20Mathurthi&as_vis=0&as_sdt=0,33
2025-03-20 02:19:51,256 - httpx - INFO - HTTP Request: GET https://scholar.google.com/scholar?hl=en&q=The%20Tribute%20to%20Mathurthi&as_vis=0&as_sdt=0,33 "HTTP/1.1 200 OK"
2025-03-20 02:19:51,519 - root - INFO - No more results found.
2025-03-20 02:19:51,519 - root - INFO - Fetched 0 results.
2025-03-20 02:19:51,519 - root - INFO - Analyzing uniqueness of the title...
2025-03-20 02:19:51,519 - root - INFO - No search results found.
2025-03-22 00:26:10,064 - root - INFO - Initializing SentenceTransformer model...
2025-03-22 00:26:10,064 - sentence_transformers.SentenceTransformer - INFO - Use pytorch device_name: cpu
2025-03-22 00:26:10,064 - sentence_transformers.SentenceTransformer - INFO - Load pretrained SentenceTransformer: all-MiniLM-L6-v2
2025-03-22 00:26:15,654 - root - INFO - SentenceTransformer model initialized successfully!
2025-03-22 00:26:15,654 - root - INFO - Starting script...
2025-03-22 00:26:15,654 - root - INFO - Submitted Title: Bhagavadhgeetha
2025-03-22 00:26:15,662 - root - INFO - Fetching top results for query: 'Bhagavadhgeetha'...
2025-03-22 00:26:15,662 - scholarly - INFO - Getting https://scholar.google.com/scholar?hl=en&q=Bhagavadhgeetha&as_vis=0&as_sdt=0,33
2025-03-22 00:26:19,138 - httpx - INFO - HTTP Request: GET https://scholar.google.com/scholar?hl=en&q=Bhagavadhgeetha&as_vis=0&as_sdt=0,33 "HTTP/1.1 200 OK"
2025-03-22 00:26:19,445 - root - INFO - Fetched 5 results.
2025-03-22 00:26:19,452 - root - INFO - Analyzing uniqueness of the title...
2025-03-22 00:27:40,590 - root - INFO - Initializing SentenceTransformer model...
2025-03-22 00:27:40,599 - sentence_transformers.SentenceTransformer - INFO - Use pytorch device_name: cpu
2025-03-22 00:27:40,599 - sentence_transformers.SentenceTransformer - INFO - Load pretrained SentenceTransformer: all-MiniLM-L6-v2
2025-03-22 00:27:44,739 - root - INFO - SentenceTransformer model initialized successfully!
2025-03-22 00:27:44,739 - root - INFO - Starting script...
2025-03-22 00:27:44,747 - root - INFO - Submitted Title: A machine Learning for Image Processing
2025-03-22 00:27:44,748 - root - INFO - Fetching top results for query: 'A machine Learning for Image Processing'...
2025-03-22 00:27:44,748 - scholarly - INFO - Getting https://scholar.google.com/scholar?hl=en&q=A%20machine%20Learning%20for%20Image%20Processing&as_vis=0&as_sdt=0,33
2025-03-22 00:27:48,022 - httpx - INFO - HTTP Request: GET https://scholar.google.com/scholar?hl=en&q=A%20machine%20Learning%20for%20Image%20Processing&as_vis=0&as_sdt=0,33 "HTTP/1.1 200 OK"
2025-03-22 00:27:48,383 - root - INFO - Fetched 5 results.
2025-03-22 00:27:48,383 - root - INFO - Analyzing uniqueness of the title...
